Determining if the pthread_create exist failed with the following output:
Change Dir: /mnt/host/Desktop/Seneca_Class_Notes/Semester 2/AIG240 - Robotics/ros_ws/catkin_ws/build/CMakeFiles/CMakeTmp

Run Build Command:"/usr/bin/make" "cmTC_f094c/fast"
/usr/bin/make -f CMakeFiles/cmTC_f094c.dir/build.make CMakeFiles/cmTC_f094c.dir/build
make[1]: Entering directory '/mnt/host/Desktop/Seneca_Class_Notes/Semester 2/AIG240 - Robotics/ros_ws/catkin_ws/build/CMakeFiles/CMakeTmp'
Building C object CMakeFiles/cmTC_f094c.dir/CheckSymbolExists.c.o
/usr/bin/cc    -o CMakeFiles/cmTC_f094c.dir/CheckSymbolExists.c.o   -c "/mnt/host/Desktop/Seneca_Class_Notes/Semester 2/AIG240 - Robotics/ros_ws/catkin_ws/build/CMakeFiles/CMakeTmp/CheckSymbolExists.c"
Linking C executable cmTC_f094c
/usr/bin/cmake -E cmake_link_script CMakeFiles/cmTC_f094c.dir/link.txt --verbose=1
/usr/bin/cc      -rdynamic CMakeFiles/cmTC_f094c.dir/CheckSymbolExists.c.o  -o cmTC_f094c 
CMakeFiles/cmTC_f094c.dir/CheckSymbolExists.c.o: In function `main':
CheckSymbolExists.c:(.text+0x1b): undefined reference to `pthread_create'
collect2: error: ld returned 1 exit status
CMakeFiles/cmTC_f094c.dir/build.make:97: recipe for target 'cmTC_f094c' failed
make[1]: *** [cmTC_f094c] Error 1
make[1]: Leaving directory '/mnt/host/Desktop/Seneca_Class_Notes/Semester 2/AIG240 - Robotics/ros_ws/catkin_ws/build/CMakeFiles/CMakeTmp'
Makefile:126: recipe for target 'cmTC_f094c/fast' failed
make: *** [cmTC_f094c/fast] Error 2

File /mnt/host/Desktop/Seneca_Class_Notes/Semester 2/AIG240 - Robotics/ros_ws/catkin_ws/build/CMakeFiles/CMakeTmp/CheckSymbolExists.c:
/* */
#include <pthread.h>

int main(int argc, char** argv)
{
  (void)argv;
#ifndef pthread_create
  return ((int*)(&pthread_create))[argc];
#else
  (void)argc;
  return 0;
#endif
}

Determining if the function pthread_create exists in the pthreads failed with the following output:
Change Dir: /mnt/host/Desktop/Seneca_Class_Notes/Semester 2/AIG240 - Robotics/ros_ws/catkin_ws/build/CMakeFiles/CMakeTmp

Run Build Command:"/usr/bin/make" "cmTC_51d4b/fast"
/usr/bin/make -f CMakeFiles/cmTC_51d4b.dir/build.make CMakeFiles/cmTC_51d4b.dir/build
make[1]: Entering directory '/mnt/host/Desktop/Seneca_Class_Notes/Semester 2/AIG240 - Robotics/ros_ws/catkin_ws/build/CMakeFiles/CMakeTmp'
Building C object CMakeFiles/cmTC_51d4b.dir/CheckFunctionExists.c.o
/usr/bin/cc   -DCHECK_FUNCTION_EXISTS=pthread_create   -o CMakeFiles/cmTC_51d4b.dir/CheckFunctionExists.c.o   -c /usr/share/cmake-3.10/Modules/CheckFunctionExists.c
Linking C executable cmTC_51d4b
/usr/bin/cmake -E cmake_link_script CMakeFiles/cmTC_51d4b.dir/link.txt --verbose=1
/usr/bin/cc  -DCHECK_FUNCTION_EXISTS=pthread_create    -rdynamic CMakeFiles/cmTC_51d4b.dir/CheckFunctionExists.c.o  -o cmTC_51d4b -lpthreads 
/usr/bin/ld: cannot find -lpthreads
collect2: error: ld returned 1 exit status
CMakeFiles/cmTC_51d4b.dir/build.make:97: recipe for target 'cmTC_51d4b' failed
make[1]: *** [cmTC_51d4b] Error 1
make[1]: Leaving directory '/mnt/host/Desktop/Seneca_Class_Notes/Semester 2/AIG240 - Robotics/ros_ws/catkin_ws/build/CMakeFiles/CMakeTmp'
Makefile:126: recipe for target 'cmTC_51d4b/fast' failed
make: *** [cmTC_51d4b/fast] Error 2


